<?xml version="1.0" encoding="UTF-8"?>
<!-- Generated by org.testng.reporters.JUnitReportReporter -->
<testsuite hostname="DESKTOP-60NN6LG" failures="0" tests="1" name="cucumber.TestNGTestRunner" time="6.706" errors="0" timestamp="2024-10-06T16:53:54 IST" skipped="0">
  <testcase classname="cucumber.TestNGTestRunner" name="runScenario" time="6.706"/>
</testsuite> <!-- cucumber.TestNGTestRunner -->
