<?xml version="1.0" encoding="UTF-8"?>
<!-- Generated by org.testng.reporters.JUnitReportReporter -->
<testsuite hostname="DESKTOP-60NN6LG" failures="0" tests="2" name="rahulshettyacademy.tests.ErrorValidationsTest" time="8.956" errors="0" timestamp="2024-10-06T11:59:41 IST" skipped="0">
  <testcase classname="rahulshettyacademy.tests.ErrorValidationsTest" name="LoginErrorValidation" time="3.556"/>
  <testcase classname="rahulshettyacademy.tests.ErrorValidationsTest" name="ProductErrorValidation" time="5.400"/>
</testsuite> <!-- rahulshettyacademy.tests.ErrorValidationsTest -->
