<?xml version="1.0" encoding="UTF-8"?>
<!-- Generated by org.testng.reporters.JUnitReportReporter -->
<testsuite hostname="DESKTOP-60NN6LG" failures="0" tests="2" name="rahulshettyacademy.tests.ErrorValidationsTest" time="14.180" errors="0" timestamp="2024-10-06T16:55:12 IST" skipped="0">
  <testcase classname="rahulshettyacademy.tests.ErrorValidationsTest" name="ProductErrorValidation" time="6.947"/>
  <testcase classname="rahulshettyacademy.tests.ErrorValidationsTest" name="LoginErrorValidation" time="7.233"/>
</testsuite> <!-- rahulshettyacademy.tests.ErrorValidationsTest -->
