<?xml version="1.0" encoding="UTF-8"?>
<!-- Generated by org.testng.reporters.JUnitReportReporter -->
<testsuite hostname="DESKTOP-60NN6LG" failures="0" tests="1" name="cucumber.TestNGTestRunner" time="8.231" errors="0" timestamp="2024-10-06T16:57:40 IST" skipped="0">
  <testcase classname="cucumber.TestNGTestRunner" name="runScenario" time="8.231"/>
</testsuite> <!-- cucumber.TestNGTestRunner -->
